<?xml version="1.0" encoding="UTF-8"?>
<!-- Generated by org.testng.reporters.JUnitReportReporter -->
<testsuite hostname="admins-MacBook-Pro-3.local" failures="0" tests="1" name="MavenREST.my_project.AppOtro" time="0.010" errors="0" timestamp="18 Dec 2019 21:21:39 GMT" skipped="0">
  <testcase classname="MavenREST.my_project.AppOtro" name="testApp" time="0.010"/>
</testsuite> <!-- MavenREST.my_project.AppOtro -->
