<?xml version="1.0" encoding="UTF-8"?>
<!-- Generated by org.testng.reporters.JUnitReportReporter -->
<testsuite hostname="admins-MacBook-Pro-3.local" failures="0" tests="1" name="MavenREST.my_project.AppTest" time="0.013" errors="0" timestamp="18 Dec 2019 21:16:07 GMT" skipped="0">
  <testcase classname="MavenREST.my_project.AppTest" name="testApp" time="0.013"/>
</testsuite> <!-- MavenREST.my_project.AppTest -->
