<?xml version="1.0" encoding="UTF-8"?>
<!-- Generated by org.testng.reporters.JUnitReportReporter -->
<testsuite hostname="admins-MacBook-Pro-3.local" failures="0" tests="2" name="MavenREST.my_project.RestAssuredTest" time="0.009" errors="0" timestamp="19 Dec 2019 21:07:41 GMT" skipped="0">
  <testcase classname="MavenREST.my_project.RestAssuredTest" name="FirstRestAssuredTest" time="0.006"/>
  <testcase classname="MavenREST.my_project.RestAssuredTest" name="SecondRestAssuredTest" time="0.003"/>
</testsuite> <!-- MavenREST.my_project.RestAssuredTest -->
