<?xml version="1.0" encoding="UTF-8"?>
<!-- Generated by org.testng.reporters.JUnitReportReporter -->
<testsuite skipped="0" hostname="admins-MacBook-Pro-3.local" name="MavenREST.my_project.SeleniumTest" tests="2" failures="0" timestamp="26 Dec 2019 20:15:17 GMT" time="0.001" errors="0">
  <testcase name="SecondSeleniumTest" time="0.001" classname="MavenREST.my_project.SeleniumTest"/>
  <testcase name="FirstSeleniumTest" time="0.000" classname="MavenREST.my_project.SeleniumTest"/>
</testsuite> <!-- MavenREST.my_project.SeleniumTest -->
