<?xml version="1.0" encoding="UTF-8"?>
<!-- Generated by org.testng.reporters.JUnitReportReporter -->
<testsuite hostname="admins-MacBook-Pro-3.local" failures="0" tests="2" name="MavenREST.my_project.AppiumTest" time="0.000" errors="0" timestamp="19 Dec 2019 21:07:41 GMT" skipped="0">
  <testcase classname="MavenREST.my_project.AppiumTest" name="SecondAppiumTest" time="0.000"/>
  <testcase classname="MavenREST.my_project.AppiumTest" name="FirstAppiumTest" time="0.000"/>
</testsuite> <!-- MavenREST.my_project.AppiumTest -->
